[32mServing "/Users/udingethe/Dev/covenant" at http://127.0.0.1:8000[39m
[36mReady for changes[39m
[36mChange detected[39m /Users/udingethe/Dev/covenant/words.html
[36mChange detected[39m /Users/udingethe/Dev/covenant/words.html
[36mChange detected[39m /Users/udingethe/Dev/covenant/words.html
[36mChange detected[39m /Users/udingethe/Dev/covenant/words.html
[36mChange detected[39m /Users/udingethe/Dev/covenant/words.html
[36mChange detected[39m /Users/udingethe/Dev/covenant/words.html
[36mChange detected[39m /Users/udingethe/Dev/covenant/words.html
[35mCSS change detected[39m /Users/udingethe/Dev/covenant/css/slides.css
[36mChange detected[39m /Users/udingethe/Dev/covenant/words.html
[36mChange detected[39m /Users/udingethe/Dev/covenant/words.html
[36mChange detected[39m /Users/udingethe/Dev/covenant/words.html
[36mChange detected[39m /Users/udingethe/Dev/covenant/words.html
[36mChange detected[39m /Users/udingethe/Dev/covenant/words.html
[36mChange detected[39m /Users/udingethe/Dev/covenant/words.html
[36mChange detected[39m /Users/udingethe/Dev/covenant/words.html
[36mChange detected[39m /Users/udingethe/Dev/covenant/words.html
[36mChange detected[39m /Users/udingethe/Dev/covenant/words.html
[36mChange detected[39m /Users/udingethe/Dev/covenant/js/slides/3_Slides_Tournament.js
[36mChange detected[39m /Users/udingethe/Dev/covenant/js/slides/3_Slides_Tournament.js
[36mChange detected[39m /Users/udingethe/Dev/covenant/js/slides/3_Slides_Tournament.js
[36mChange detected[39m /Users/udingethe/Dev/covenant/js/slides/3_Slides_Tournament.js
[36mChange detected[39m /Users/udingethe/Dev/covenant/js/bitcoin/BitcoinStrategies.js
[36mChange detected[39m /Users/udingethe/Dev/covenant/js/bitcoin/BitcoinStrategies.js
[0mGET /js/lib/pixi.min.js.map [33m404[0m 16.631 ms - 161[0m
[36mChange detected[39m /Users/udingethe/Dev/covenant/js/slides/3_Slides_Tournament.js
[0mGET /js/lib/pixi.min.js.map [33m404[0m 0.719 ms - 161[0m
[36mChange detected[39m /Users/udingethe/Dev/covenant/js/slides/3_Slides_Tournament.js
[36mChange detected[39m /Users/udingethe/Dev/covenant/js/slides/3_Slides_Tournament.js
[36mChange detected[39m /Users/udingethe/Dev/covenant/js/slides/3_Slides_Tournament.js
[36mChange detected[39m /Users/udingethe/Dev/covenant/words.html
[36mChange detected[39m /Users/udingethe/Dev/covenant/words.html
[36mChange detected[39m /Users/udingethe/Dev/covenant/words.html
[36mChange detected[39m /Users/udingethe/Dev/covenant/FRAMING_ANALYSIS.md
[36mChange detected[39m /Users/udingethe/Dev/covenant/FRAMING_ANALYSIS.md
[36mChange detected[39m /Users/udingethe/Dev/covenant/words.html
[36mChange detected[39m /Users/udingethe/Dev/covenant/words.html
[36mChange detected[39m /Users/udingethe/Dev/covenant/words.html
[36mChange detected[39m /Users/udingethe/Dev/covenant/words.html
[36mChange detected[39m /Users/udingethe/Dev/covenant/words.html
[36mChange detected[39m /Users/udingethe/Dev/covenant/words.html
[36mChange detected[39m /Users/udingethe/Dev/covenant/words.html
[36mChange detected[39m /Users/udingethe/Dev/covenant/words.html
[36mChange detected[39m /Users/udingethe/Dev/covenant/words.html
[36mChange detected[39m /Users/udingethe/Dev/covenant/words.html
[36mChange detected[39m /Users/udingethe/Dev/covenant/words.html
[36mChange detected[39m /Users/udingethe/Dev/covenant/js/bitcoin/BitcoinStrategies.js
[36mChange detected[39m /Users/udingethe/Dev/covenant/js/bitcoin/BitcoinStrategies.js
[36mChange detected[39m /Users/udingethe/Dev/covenant/js/bitcoin/BitcoinStrategies.js
[36mChange detected[39m /Users/udingethe/Dev/covenant/js/bitcoin/BitcoinStrategies.js
[36mChange detected[39m /Users/udingethe/Dev/covenant/js/bitcoin/BitcoinStrategies.js
[36mChange detected[39m /Users/udingethe/Dev/covenant/js/bitcoin/BitcoinStrategies.js
[36mChange detected[39m /Users/udingethe/Dev/covenant/js/bitcoin/GameReputation.js
[36mChange detected[39m /Users/udingethe/Dev/covenant/js/slides/8_Slides_Conclusion.js
[36mChange detected[39m /Users/udingethe/Dev/covenant/js/slides/B_Slides_ReputationReveal.js
[36mChange detected[39m /Users/udingethe/Dev/covenant/js/slides/B_Slides_ReputationReveal.js
[36mChange detected[39m /Users/udingethe/Dev/covenant/js/slides/0_Slides_Intro.js
[36mChange detected[39m /Users/udingethe/Dev/covenant/README.md
[36mChange detected[39m /Users/udingethe/Dev/covenant/README.md
[36mChange detected[39m /Users/udingethe/Dev/covenant/README.md
[36mChange detected[39m /Users/udingethe/Dev/covenant/words.html
[36mChange detected[39m /Users/udingethe/Dev/covenant/js/slides/3_Slides_Tournament.js
[36mChange detected[39m /Users/udingethe/Dev/covenant/js/slides/3_Slides_Tournament.js
[36mChange detected[39m /Users/udingethe/Dev/covenant/words.html
[36mChange detected[39m /Users/udingethe/Dev/covenant/js/bitcoin/BitcoinStrategies.js
[36mChange detected[39m /Users/udingethe/Dev/covenant/js/bitcoin/BitcoinStrategies.js
[36mChange detected[39m /Users/udingethe/Dev/covenant/words.html
[36mChange detected[39m /Users/udingethe/Dev/covenant/words.html
[36mChange detected[39m /Users/udingethe/Dev/covenant/js/slides/3_Slides_Tournament.js
[36mChange detected[39m /Users/udingethe/Dev/covenant/words.html
[0mGET /js/lib/pixi.min.js.map [33m404[0m 4.072 ms - 161[0m
[36mChange detected[39m /Users/udingethe/Dev/covenant/js/bitcoin/BitcoinStrategies.js
[0mGET /js/lib/pixi.min.js.map [33m404[0m 0.476 ms - 161[0m
[0mGET /js/lib/pixi.min.js.map [33m404[0m 1.126 ms - 161[0m
[36mChange detected[39m /Users/udingethe/Dev/covenant/js/bitcoin/BitcoinStrategies.js
[0mGET /js/lib/pixi.min.js.map [33m404[0m 0.388 ms - 161[0m
[36mChange detected[39m /Users/udingethe/Dev/covenant/js/bitcoin/BitcoinStrategies.js
[0mGET /js/lib/pixi.min.js.map [33m404[0m 0.555 ms - 161[0m
[36mChange detected[39m /Users/udingethe/Dev/covenant/js/bitcoin/BitcoinStrategies.js
[0mGET /js/lib/pixi.min.js.map [33m404[0m 0.584 ms - 161[0m
[0mGET /js/lib/pixi.min.js.map [33m404[0m 5.445 ms - 161[0m
[36mChange detected[39m /Users/udingethe/Dev/covenant/js/slides/3_Slides_Tournament.js
[0mGET /js/lib/pixi.min.js.map [33m404[0m 0.828 ms - 161[0m
[36mChange detected[39m /Users/udingethe/Dev/covenant/js/slides/3_Slides_Tournament.js
[0mGET /js/lib/pixi.min.js.map [33m404[0m 0.457 ms - 161[0m
[36mChange detected[39m /Users/udingethe/Dev/covenant/js/slides/3_Slides_Tournament.js
[36mChange detected[39m /Users/udingethe/Dev/covenant/js/slides/3_Slides_Tournament.js
[36mChange detected[39m /Users/udingethe/Dev/covenant/js/slides/3_Slides_Tournament.js
[36mChange detected[39m /Users/udingethe/Dev/covenant/js/slides/3_Slides_Tournament.js
[36mChange detected[39m /Users/udingethe/Dev/covenant/js/slides/3_Slides_Tournament.js
[0mGET /js/lib/pixi.min.js.map [33m404[0m 4.587 ms - 161[0m
[36mChange detected[39m /Users/udingethe/Dev/covenant/js/slides/3_Slides_Tournament.js
[36mChange detected[39m /Users/udingethe/Dev/covenant/js/slides/3_Slides_Tournament.js
[36mChange detected[39m /Users/udingethe/Dev/covenant/js/slides/3_Slides_Tournament.js
[36mChange detected[39m /Users/udingethe/Dev/covenant/js/slides/3_Slides_Tournament.js
[36mChange detected[39m /Users/udingethe/Dev/covenant/js/slides/3_Slides_Tournament.js
[36mChange detected[39m /Users/udingethe/Dev/covenant/js/slides/3_Slides_Tournament.js
[36mChange detected[39m /Users/udingethe/Dev/covenant/js/slides/3_Slides_Tournament.js
[36mChange detected[39m /Users/udingethe/Dev/covenant/js/slides/3_Slides_Tournament.js
[36mChange detected[39m /Users/udingethe/Dev/covenant/js/slides/3_Slides_Tournament.js
